2018-04-26 13:57:48.830  INFO 7800 --- [main] c.t.t.TinywebapplicationApplicationTests : Starting TinywebapplicationApplicationTests on DESKTOP-PB4CGBL with PID 7800 (started by cjh in C:\work\javawork\JavaTest)
2018-04-26 13:57:48.833  INFO 7800 --- [main] c.t.t.TinywebapplicationApplicationTests : No active profile set, falling back to default profiles: default
2018-04-26 13:57:48.909  INFO 7800 --- [main] o.s.w.c.s.GenericWebApplicationContext   : Refreshing org.springframework.web.context.support.GenericWebApplicationContext@75459c75: startup date [Thu Apr 26 13:57:48 CST 2018]; root of context hierarchy
2018-04-26 13:57:52.764  INFO 7800 --- [main] o.s.w.s.handler.SimpleUrlHandlerMapping  : Mapped URL path [/**/favicon.ico] onto handler of type [class org.springframework.web.servlet.resource.ResourceHttpRequestHandler]
2018-04-26 13:57:53.227  INFO 7800 --- [main] s.w.s.m.m.a.RequestMappingHandlerAdapter : Looking for @ControllerAdvice: org.springframework.web.context.support.GenericWebApplicationContext@75459c75: startup date [Thu Apr 26 13:57:48 CST 2018]; root of context hierarchy
2018-04-26 13:57:53.387  INFO 7800 --- [main] s.w.s.m.m.a.RequestMappingHandlerMapping : Mapped "{[/index]}" onto public java.lang.String com.cjh.cisdi.test.tinywebapplication.controller.HelloWorldController.index(org.springframework.ui.Model)
2018-04-26 13:57:53.389  INFO 7800 --- [main] s.w.s.m.m.a.RequestMappingHandlerMapping : Mapped "{[/list]}" onto public java.lang.String com.cjh.cisdi.test.tinywebapplication.controller.HelloWorldController.list(org.springframework.ui.Model)
2018-04-26 13:57:53.394  INFO 7800 --- [main] s.w.s.m.m.a.RequestMappingHandlerMapping : Mapped "{[/],methods=[GET]}" onto public java.lang.String com.cjh.cisdi.test.tinywebapplication.controller.UploadController.index()
2018-04-26 13:57:53.396  INFO 7800 --- [main] s.w.s.m.m.a.RequestMappingHandlerMapping : Mapped "{[/upload],methods=[POST]}" onto public java.lang.String com.cjh.cisdi.test.tinywebapplication.controller.UploadController.fileUpload(org.springframework.web.multipart.MultipartFile,org.springframework.web.servlet.mvc.support.RedirectAttributes)
2018-04-26 13:57:53.396  INFO 7800 --- [main] s.w.s.m.m.a.RequestMappingHandlerMapping : Mapped "{[/uploadStatus],methods=[GET]}" onto public java.lang.String com.cjh.cisdi.test.tinywebapplication.controller.UploadController.uploadStatus()
2018-04-26 13:57:53.401  INFO 7800 --- [main] s.w.s.m.m.a.RequestMappingHandlerMapping : Mapped "{[/error]}" onto public org.springframework.http.ResponseEntity<java.util.Map<java.lang.String, java.lang.Object>> org.springframework.boot.autoconfigure.web.servlet.error.BasicErrorController.error(javax.servlet.http.HttpServletRequest)
2018-04-26 13:57:53.404  INFO 7800 --- [main] s.w.s.m.m.a.RequestMappingHandlerMapping : Mapped "{[/error],produces=[text/html]}" onto public org.springframework.web.servlet.ModelAndView org.springframework.boot.autoconfigure.web.servlet.error.BasicErrorController.errorHtml(javax.servlet.http.HttpServletRequest,javax.servlet.http.HttpServletResponse)
2018-04-26 13:57:53.484  INFO 7800 --- [main] o.s.w.s.handler.SimpleUrlHandlerMapping  : Mapped URL path [/webjars/**] onto handler of type [class org.springframework.web.servlet.resource.ResourceHttpRequestHandler]
2018-04-26 13:57:53.485  INFO 7800 --- [main] o.s.w.s.handler.SimpleUrlHandlerMapping  : Mapped URL path [/**] onto handler of type [class org.springframework.web.servlet.resource.ResourceHttpRequestHandler]
2018-04-26 13:57:53.781  INFO 7800 --- [main] o.s.b.a.w.s.WelcomePageHandlerMapping    : Adding welcome page template: index
2018-04-26 13:57:54.555  INFO 7800 --- [main] c.t.t.TinywebapplicationApplicationTests : Started TinywebapplicationApplicationTests in 6.414 seconds (JVM running for 7.852)
2018-04-26 13:57:55.000  INFO 7800 --- [main] c.c.c.t.t.service.DataServiceImpl        : fileUpload start
2018-04-26 13:57:55.043  INFO 7800 --- [Thread-2] o.s.w.c.s.GenericWebApplicationContext   : Closing org.springframework.web.context.support.GenericWebApplicationContext@75459c75: startup date [Thu Apr 26 13:57:48 CST 2018]; root of context hierarchy
2018-04-26 14:00:47.869  INFO 1028 --- [main] c.t.t.TinywebapplicationApplicationTests : Starting TinywebapplicationApplicationTests on DESKTOP-PB4CGBL with PID 1028 (started by cjh in C:\work\javawork\JavaTest)
2018-04-26 14:00:47.872  INFO 1028 --- [main] c.t.t.TinywebapplicationApplicationTests : No active profile set, falling back to default profiles: default
2018-04-26 14:00:47.937  INFO 1028 --- [main] o.s.w.c.s.GenericWebApplicationContext   : Refreshing org.springframework.web.context.support.GenericWebApplicationContext@25e2a451: startup date [Thu Apr 26 14:00:47 CST 2018]; root of context hierarchy
2018-04-26 14:00:51.569  INFO 1028 --- [main] o.s.w.s.handler.SimpleUrlHandlerMapping  : Mapped URL path [/**/favicon.ico] onto handler of type [class org.springframework.web.servlet.resource.ResourceHttpRequestHandler]
2018-04-26 14:00:52.088  INFO 1028 --- [main] s.w.s.m.m.a.RequestMappingHandlerAdapter : Looking for @ControllerAdvice: org.springframework.web.context.support.GenericWebApplicationContext@25e2a451: startup date [Thu Apr 26 14:00:47 CST 2018]; root of context hierarchy
2018-04-26 14:00:52.237  INFO 1028 --- [main] s.w.s.m.m.a.RequestMappingHandlerMapping : Mapped "{[/index]}" onto public java.lang.String com.cjh.cisdi.test.tinywebapplication.controller.HelloWorldController.index(org.springframework.ui.Model)
2018-04-26 14:00:52.239  INFO 1028 --- [main] s.w.s.m.m.a.RequestMappingHandlerMapping : Mapped "{[/list]}" onto public java.lang.String com.cjh.cisdi.test.tinywebapplication.controller.HelloWorldController.list(org.springframework.ui.Model)
2018-04-26 14:00:52.246  INFO 1028 --- [main] s.w.s.m.m.a.RequestMappingHandlerMapping : Mapped "{[/],methods=[GET]}" onto public java.lang.String com.cjh.cisdi.test.tinywebapplication.controller.UploadController.index()
2018-04-26 14:00:52.247  INFO 1028 --- [main] s.w.s.m.m.a.RequestMappingHandlerMapping : Mapped "{[/uploadStatus],methods=[GET]}" onto public java.lang.String com.cjh.cisdi.test.tinywebapplication.controller.UploadController.uploadStatus()
2018-04-26 14:00:52.248  INFO 1028 --- [main] s.w.s.m.m.a.RequestMappingHandlerMapping : Mapped "{[/upload],methods=[POST]}" onto public java.lang.String com.cjh.cisdi.test.tinywebapplication.controller.UploadController.fileUpload(org.springframework.web.multipart.MultipartFile,org.springframework.web.servlet.mvc.support.RedirectAttributes)
2018-04-26 14:00:52.253  INFO 1028 --- [main] s.w.s.m.m.a.RequestMappingHandlerMapping : Mapped "{[/error]}" onto public org.springframework.http.ResponseEntity<java.util.Map<java.lang.String, java.lang.Object>> org.springframework.boot.autoconfigure.web.servlet.error.BasicErrorController.error(javax.servlet.http.HttpServletRequest)
2018-04-26 14:00:52.254  INFO 1028 --- [main] s.w.s.m.m.a.RequestMappingHandlerMapping : Mapped "{[/error],produces=[text/html]}" onto public org.springframework.web.servlet.ModelAndView org.springframework.boot.autoconfigure.web.servlet.error.BasicErrorController.errorHtml(javax.servlet.http.HttpServletRequest,javax.servlet.http.HttpServletResponse)
2018-04-26 14:00:52.332  INFO 1028 --- [main] o.s.w.s.handler.SimpleUrlHandlerMapping  : Mapped URL path [/webjars/**] onto handler of type [class org.springframework.web.servlet.resource.ResourceHttpRequestHandler]
2018-04-26 14:00:52.333  INFO 1028 --- [main] o.s.w.s.handler.SimpleUrlHandlerMapping  : Mapped URL path [/**] onto handler of type [class org.springframework.web.servlet.resource.ResourceHttpRequestHandler]
2018-04-26 14:00:52.667  INFO 1028 --- [main] o.s.b.a.w.s.WelcomePageHandlerMapping    : Adding welcome page template: index
2018-04-26 14:00:53.394  INFO 1028 --- [main] c.t.t.TinywebapplicationApplicationTests : Started TinywebapplicationApplicationTests in 6.094 seconds (JVM running for 7.519)
2018-04-26 14:00:53.591 ERROR 1028 --- [main] c.c.c.t.t.service.DataServiceImpl        : fileUpload start
2018-04-26 14:00:53.599  INFO 1028 --- [Thread-2] o.s.w.c.s.GenericWebApplicationContext   : Closing org.springframework.web.context.support.GenericWebApplicationContext@25e2a451: startup date [Thu Apr 26 14:00:47 CST 2018]; root of context hierarchy
2018-04-26 14:18:47.184  INFO 9892 --- [main] c.c.c.t.t.TinywebapplicationApplication  : Starting TinywebapplicationApplication on DESKTOP-PB4CGBL with PID 9892 (C:\work\javawork\JavaTest\target\classes started by cjh in C:\work\javawork\JavaTest)
2018-04-26 14:18:47.190  INFO 9892 --- [main] c.c.c.t.t.TinywebapplicationApplication  : No active profile set, falling back to default profiles: default
2018-04-26 14:18:47.380  INFO 9892 --- [main] ConfigServletWebServerApplicationContext : Refreshing org.springframework.boot.web.servlet.context.AnnotationConfigServletWebServerApplicationContext@1e802ef9: startup date [Thu Apr 26 14:18:47 CST 2018]; root of context hierarchy
2018-04-26 14:18:49.649  INFO 9892 --- [main] o.s.b.w.embedded.tomcat.TomcatWebServer  : Tomcat initialized with port(s): 8080 (http)
2018-04-26 14:18:49.692  INFO 9892 --- [main] o.apache.catalina.core.StandardService   : Starting service [Tomcat]
2018-04-26 14:18:49.693  INFO 9892 --- [main] org.apache.catalina.core.StandardEngine  : Starting Servlet Engine: Apache Tomcat/8.5.29
2018-04-26 14:18:49.708  INFO 9892 --- [localhost-startStop-1] o.a.catalina.core.AprLifecycleListener   : The APR based Apache Tomcat Native library which allows optimal performance in production environments was not found on the java.library.path: [C:\Program Files\Java\jre1.8.0_171\bin;C:\Windows\Sun\Java\bin;C:\Windows\system32;C:\Windows;C:/Program Files/Java/jre1.8.0_171/bin/server;C:/Program Files/Java/jre1.8.0_171/bin;C:/Program Files/Java/jre1.8.0_171/lib/amd64;C:\Program Files (x86)\Common Files\Oracle\Java\javapath;C:\Windows\system32;C:\Windows;C:\Windows\System32\Wbem;C:\Windows\System32\WindowsPowerShell\v1.0\;C:\Program Files\Java\jdk1.8.0_171\bin;C:\Program Files\Java\jdk1.8.0_171\jre\bin;C:\Program Files\Git\cmd;C:\ide\zbj\ide\java\apache-maven-3.0.4\bin;C:\Users\cjh\AppData\Local\Microsoft\WindowsApps;C:\ide\zbj\ide\java\apache-maven-3.0.4\bin;;C:\ide\zbj\ide\java\eclipse;;.]
2018-04-26 14:18:49.891  INFO 9892 --- [localhost-startStop-1] o.a.c.c.C.[Tomcat].[localhost].[/]       : Initializing Spring embedded WebApplicationContext
2018-04-26 14:18:49.891  INFO 9892 --- [localhost-startStop-1] o.s.web.context.ContextLoader            : Root WebApplicationContext: initialization completed in 2511 ms
2018-04-26 14:18:50.122  INFO 9892 --- [localhost-startStop-1] o.s.b.w.servlet.ServletRegistrationBean  : Servlet dispatcherServlet mapped to [/]
2018-04-26 14:18:50.128  INFO 9892 --- [localhost-startStop-1] o.s.b.w.servlet.FilterRegistrationBean   : Mapping filter: 'characterEncodingFilter' to: [/*]
2018-04-26 14:18:50.128  INFO 9892 --- [localhost-startStop-1] o.s.b.w.servlet.FilterRegistrationBean   : Mapping filter: 'hiddenHttpMethodFilter' to: [/*]
2018-04-26 14:18:50.129  INFO 9892 --- [localhost-startStop-1] o.s.b.w.servlet.FilterRegistrationBean   : Mapping filter: 'httpPutFormContentFilter' to: [/*]
2018-04-26 14:18:50.129  INFO 9892 --- [localhost-startStop-1] o.s.b.w.servlet.FilterRegistrationBean   : Mapping filter: 'requestContextFilter' to: [/*]
2018-04-26 14:18:51.018  INFO 9892 --- [main] o.s.w.s.handler.SimpleUrlHandlerMapping  : Mapped URL path [/**/favicon.ico] onto handler of type [class org.springframework.web.servlet.resource.ResourceHttpRequestHandler]
2018-04-26 14:18:51.310  INFO 9892 --- [main] s.w.s.m.m.a.RequestMappingHandlerAdapter : Looking for @ControllerAdvice: org.springframework.boot.web.servlet.context.AnnotationConfigServletWebServerApplicationContext@1e802ef9: startup date [Thu Apr 26 14:18:47 CST 2018]; root of context hierarchy
2018-04-26 14:18:51.439  INFO 9892 --- [main] s.w.s.m.m.a.RequestMappingHandlerMapping : Mapped "{[/index]}" onto public java.lang.String com.cjh.cisdi.test.tinywebapplication.controller.HelloWorldController.index(org.springframework.ui.Model)
2018-04-26 14:18:51.441  INFO 9892 --- [main] s.w.s.m.m.a.RequestMappingHandlerMapping : Mapped "{[/list]}" onto public java.lang.String com.cjh.cisdi.test.tinywebapplication.controller.HelloWorldController.list(org.springframework.ui.Model)
2018-04-26 14:18:51.448  INFO 9892 --- [main] s.w.s.m.m.a.RequestMappingHandlerMapping : Mapped "{[/],methods=[GET]}" onto public java.lang.String com.cjh.cisdi.test.tinywebapplication.controller.UploadController.index()
2018-04-26 14:18:51.449  INFO 9892 --- [main] s.w.s.m.m.a.RequestMappingHandlerMapping : Mapped "{[/upload],methods=[POST]}" onto public java.lang.String com.cjh.cisdi.test.tinywebapplication.controller.UploadController.fileUpload(org.springframework.web.multipart.MultipartFile,org.springframework.web.servlet.mvc.support.RedirectAttributes)
2018-04-26 14:18:51.449  INFO 9892 --- [main] s.w.s.m.m.a.RequestMappingHandlerMapping : Mapped "{[/uploadStatus],methods=[GET]}" onto public java.lang.String com.cjh.cisdi.test.tinywebapplication.controller.UploadController.uploadStatus()
2018-04-26 14:18:51.455  INFO 9892 --- [main] s.w.s.m.m.a.RequestMappingHandlerMapping : Mapped "{[/error]}" onto public org.springframework.http.ResponseEntity<java.util.Map<java.lang.String, java.lang.Object>> org.springframework.boot.autoconfigure.web.servlet.error.BasicErrorController.error(javax.servlet.http.HttpServletRequest)
2018-04-26 14:18:51.456  INFO 9892 --- [main] s.w.s.m.m.a.RequestMappingHandlerMapping : Mapped "{[/error],produces=[text/html]}" onto public org.springframework.web.servlet.ModelAndView org.springframework.boot.autoconfigure.web.servlet.error.BasicErrorController.errorHtml(javax.servlet.http.HttpServletRequest,javax.servlet.http.HttpServletResponse)
2018-04-26 14:18:51.493  INFO 9892 --- [main] o.s.w.s.handler.SimpleUrlHandlerMapping  : Mapped URL path [/webjars/**] onto handler of type [class org.springframework.web.servlet.resource.ResourceHttpRequestHandler]
2018-04-26 14:18:51.493  INFO 9892 --- [main] o.s.w.s.handler.SimpleUrlHandlerMapping  : Mapped URL path [/**] onto handler of type [class org.springframework.web.servlet.resource.ResourceHttpRequestHandler]
2018-04-26 14:18:51.515  INFO 9892 --- [main] .m.m.a.ExceptionHandlerExceptionResolver : Detected @ExceptionHandler methods in myExceptionHandler
2018-04-26 14:18:51.666  INFO 9892 --- [main] o.s.b.a.w.s.WelcomePageHandlerMapping    : Adding welcome page template: index
2018-04-26 14:18:51.963  INFO 9892 --- [main] o.s.j.e.a.AnnotationMBeanExporter        : Registering beans for JMX exposure on startup
2018-04-26 14:18:51.965  INFO 9892 --- [main] o.s.j.e.a.AnnotationMBeanExporter        : Bean with name 'dataSource' has been autodetected for JMX exposure
2018-04-26 14:18:51.972  INFO 9892 --- [main] o.s.j.e.a.AnnotationMBeanExporter        : Located MBean 'dataSource': registering with JMX server as MBean [com.alibaba.druid.pool:name=dataSource,type=DruidDataSource]
2018-04-26 14:18:52.084  INFO 9892 --- [main] o.s.b.w.embedded.tomcat.TomcatWebServer  : Tomcat started on port(s): 8080 (http) with context path ''
2018-04-26 14:18:52.090  INFO 9892 --- [main] c.c.c.t.t.TinywebapplicationApplication  : Started TinywebapplicationApplication in 5.428 seconds (JVM running for 5.914)
2018-04-26 14:19:03.156  INFO 9892 --- [http-nio-8080-exec-2] o.a.c.c.C.[Tomcat].[localhost].[/]       : Initializing Spring FrameworkServlet 'dispatcherServlet'
2018-04-26 14:19:03.156  INFO 9892 --- [http-nio-8080-exec-2] o.s.web.servlet.DispatcherServlet        : FrameworkServlet 'dispatcherServlet': initialization started
2018-04-26 14:19:03.190  INFO 9892 --- [http-nio-8080-exec-2] o.s.web.servlet.DispatcherServlet        : FrameworkServlet 'dispatcherServlet': initialization completed in 34 ms
